<?xml version="1.0" encoding="UTF-8"?>
<!-- Generated by org.testng.reporters.JUnitXMLReporter -->
<testsuite ignored="0" hostname="INPHWN163407" failures="0" tests="7" name="Test" time="69.675" errors="0" timestamp="2024-11-30T12:07:50 IST">
  <testcase classname="testCases.TC003_loginDDT" name="verify_loginddt" time="1.928"/>
  <testcase classname="testCases.TC003_loginDDT" name="verify_loginddt" time="10.946"/>
  <testcase classname="testCases.TC003_loginDDT" name="verify_loginddt" time="10.972"/>
  <testcase classname="testCases.TC003_loginDDT" name="verify_loginddt" time="1.675"/>
  <testcase classname="testCases.TC003_loginDDT" name="verify_loginddt" time="10.927"/>
  <testcase classname="testCases.TC003_loginDDT" name="verify_loginddt" time="11.19"/>
  <testcase classname="testCases.TC003_loginDDT" name="verify_loginddt" time="11.142"/>
</testsuite> <!-- Test -->
