<?xml version="1.0" encoding="UTF-8"?>
<!-- Generated by org.testng.reporters.JUnitXMLReporter -->
<testsuite ignored="1" hostname="INPHWN163407" failures="1" tests="2" name="Test" time="94.953" errors="0" timestamp="2024-11-30T14:58:43 IST">
  <testcase classname="testCases.tc001_accountRegistrationTest" name="TestAccountRegi" time="23.019"/>
  <testcase classname="testCases.TC002_LoginTest" name="Login_Verify" time="13.525">
    <failure type="java.lang.AssertionError" message="Login Failed expected [true] but found [false]">
      <![CDATA[java.lang.AssertionError: Login Failed expected [true] but found [false]
at testCases.TC002_LoginTest.Login_Verify(TC002_LoginTest.java:41)
at java.base/java.util.ArrayList.forEach(ArrayList.java:1597)
... Removed 31 stack frames]]>
    </failure>
  </testcase> <!-- Login_Verify -->
  <testcase classname="testCases.TC003_loginDDT" name="verify_loginddt" time="0.0">
    <ignored/>
  </testcase> <!-- verify_loginddt -->
</testsuite> <!-- Test -->
