<?xml version="1.0" encoding="UTF-8"?>
<testng-results ignored="0" total="2" passed="2" failed="0" skipped="0">
  <reporter-output>
  </reporter-output>
  <suite started-at="2024-12-01T10:23:02 IST" name="Opera Cart Project" finished-at="2024-12-01T10:23:21 IST" duration-ms="19672">
    <groups>
      <group name="regression">
        <method signature="tc001_accountRegistrationTest.TestAccountRegi()[pri:0, instance:testCases.tc001_accountRegistrationTest@141e5bef]" name="TestAccountRegi" class="testCases.tc001_accountRegistrationTest"/>
      </group> <!-- regression -->
      <group name="sanity">
        <method signature="TC002_LoginTest.Login_Verify()[pri:0, instance:testCases.TC002_LoginTest@6ccdb29f]" name="Login_Verify" class="testCases.TC002_LoginTest"/>
      </group> <!-- sanity -->
      <group name="master">
        <method signature="TC002_LoginTest.Login_Verify()[pri:0, instance:testCases.TC002_LoginTest@6ccdb29f]" name="Login_Verify" class="testCases.TC002_LoginTest"/>
        <method signature="tc001_accountRegistrationTest.TestAccountRegi()[pri:0, instance:testCases.tc001_accountRegistrationTest@141e5bef]" name="TestAccountRegi" class="testCases.tc001_accountRegistrationTest"/>
      </group> <!-- master -->
    </groups>
    <test started-at="2024-12-01T10:23:02 IST" name="Test" finished-at="2024-12-01T10:23:21 IST" duration-ms="19672">
      <class name="testCases.TC002_LoginTest">
        <test-method is-config="true" signature="setup(java.lang.String,java.lang.String)[pri:0, instance:testCases.TC002_LoginTest@6ccdb29f]" started-at="2024-12-01T10:23:13 IST" name="setup" finished-at="2024-12-01T10:23:20 IST" duration-ms="6750" status="PASS">
          <params>
            <param index="0">
              <value>
                <![CDATA[Windows]]>
              </value>
            </param>
            <param index="1">
              <value>
                <![CDATA[chrome]]>
              </value>
            </param>
          </params>
          <reporter-output>
          </reporter-output>
        </test-method> <!-- setup -->
        <test-method signature="Login_Verify()[pri:0, instance:testCases.TC002_LoginTest@6ccdb29f]" started-at="2024-12-01T10:23:20 IST" name="Login_Verify" finished-at="2024-12-01T10:23:21 IST" duration-ms="1215" status="PASS">
          <reporter-output>
          </reporter-output>
        </test-method> <!-- Login_Verify -->
        <test-method is-config="true" signature="tearDown()[pri:0, instance:testCases.TC002_LoginTest@6ccdb29f]" started-at="2024-12-01T10:23:21 IST" name="tearDown" finished-at="2024-12-01T10:23:21 IST" duration-ms="247" status="PASS">
          <reporter-output>
          </reporter-output>
        </test-method> <!-- tearDown -->
      </class> <!-- testCases.TC002_LoginTest -->
      <class name="testCases.tc001_accountRegistrationTest">
        <test-method is-config="true" signature="setup(java.lang.String,java.lang.String)[pri:0, instance:testCases.tc001_accountRegistrationTest@141e5bef]" started-at="2024-12-01T10:23:02 IST" name="setup" finished-at="2024-12-01T10:23:11 IST" duration-ms="9087" status="PASS">
          <params>
            <param index="0">
              <value>
                <![CDATA[Windows]]>
              </value>
            </param>
            <param index="1">
              <value>
                <![CDATA[chrome]]>
              </value>
            </param>
          </params>
          <reporter-output>
          </reporter-output>
        </test-method> <!-- setup -->
        <test-method signature="TestAccountRegi()[pri:0, instance:testCases.tc001_accountRegistrationTest@141e5bef]" started-at="2024-12-01T10:23:11 IST" name="TestAccountRegi" finished-at="2024-12-01T10:23:13 IST" duration-ms="1915" status="PASS">
          <reporter-output>
          </reporter-output>
        </test-method> <!-- TestAccountRegi -->
        <test-method is-config="true" signature="tearDown()[pri:0, instance:testCases.tc001_accountRegistrationTest@141e5bef]" started-at="2024-12-01T10:23:13 IST" name="tearDown" finished-at="2024-12-01T10:23:13 IST" duration-ms="283" status="PASS">
          <reporter-output>
          </reporter-output>
        </test-method> <!-- tearDown -->
      </class> <!-- testCases.tc001_accountRegistrationTest -->
    </test> <!-- Test -->
  </suite> <!-- Opera Cart Project -->
</testng-results>
