<?xml version="1.0" encoding="UTF-8"?>
<testng-results ignored="0" total="1" passed="1" failed="0" skipped="0">
  <reporter-output>
  </reporter-output>
  <suite started-at="2024-11-30T15:08:07 IST" name="Failed suite [Opera Cart Project]" finished-at="2024-11-30T15:08:58 IST" duration-ms="50935">
    <groups>
      <group name="sanity">
        <method signature="TC002_LoginTest.Login_Verify()[pri:0, instance:testCases.TC002_LoginTest@7b94089b]" name="Login_Verify" class="testCases.TC002_LoginTest"/>
      </group> <!-- sanity -->
      <group name="master">
        <method signature="TC002_LoginTest.Login_Verify()[pri:0, instance:testCases.TC002_LoginTest@7b94089b]" name="Login_Verify" class="testCases.TC002_LoginTest"/>
      </group> <!-- master -->
    </groups>
    <test started-at="2024-11-30T15:08:07 IST" name="Test(failed)" finished-at="2024-11-30T15:08:58 IST" duration-ms="50935">
      <class name="testCases.TC002_LoginTest">
        <test-method is-config="true" signature="setup(java.lang.String,java.lang.String)[pri:0, instance:testCases.TC002_LoginTest@7b94089b]" started-at="2024-11-30T15:08:08 IST" name="setup" finished-at="2024-11-30T15:08:29 IST" duration-ms="20621" status="PASS">
          <params>
            <param index="0">
              <value>
                <![CDATA[Windows]]>
              </value>
            </param>
            <param index="1">
              <value>
                <![CDATA[chrome]]>
              </value>
            </param>
          </params>
          <reporter-output>
          </reporter-output>
        </test-method> <!-- setup -->
        <test-method signature="Login_Verify()[pri:0, instance:testCases.TC002_LoginTest@7b94089b]" started-at="2024-11-30T15:08:29 IST" name="Login_Verify" finished-at="2024-11-30T15:08:41 IST" duration-ms="12143" status="PASS">
          <reporter-output>
          </reporter-output>
        </test-method> <!-- Login_Verify -->
        <test-method is-config="true" signature="tearDown()[pri:0, instance:testCases.TC002_LoginTest@7b94089b]" started-at="2024-11-30T15:08:41 IST" name="tearDown" finished-at="2024-11-30T15:08:58 IST" duration-ms="16846" status="PASS">
          <reporter-output>
          </reporter-output>
        </test-method> <!-- tearDown -->
      </class> <!-- testCases.TC002_LoginTest -->
    </test> <!-- Test(failed) -->
  </suite> <!-- Failed suite [Opera Cart Project] -->
</testng-results>
