<?xml version="1.0" encoding="UTF-8"?>
<!-- Generated by org.testng.reporters.JUnitXMLReporter -->
<testsuite ignored="1" hostname="INPHWN163407" failures="0" tests="2" name="Test" time="19.672" errors="0" timestamp="2024-12-01T10:23:22 IST">
  <testcase classname="testCases.tc001_accountRegistrationTest" name="TestAccountRegi" time="1.915"/>
  <testcase classname="testCases.TC002_LoginTest" name="Login_Verify" time="1.215"/>
  <testcase classname="testCases.TC003_loginDDT" name="verify_loginddt" time="0.0">
    <ignored/>
  </testcase> <!-- verify_loginddt -->
</testsuite> <!-- Test -->
